<?xml version="1.0" encoding="UTF-8"?>
<!-- Generated by org.testng.reporters.JUnitXMLReporter -->
<testsuite ignored="0" hostname="asus" failures="0" tests="7" name="Test" time="143.135" errors="0" timestamp="2023-07-13T20:16:26 IST">
  <testcase classname="testPackage.DrooniTest" name="clickRegister" time="10.907"/>
  <testcase classname="testPackage.DrooniTest" name="registration" time="42.002"/>
  <testcase classname="testPackage.DrooniTest" name="clickMenuItem" time="5.266"/>
  <testcase classname="testPackage.DrooniTest" name="productSelection" time="8.63"/>
  <testcase classname="testPackage.DrooniTest" name="addToCart" time="5.94"/>
  <testcase classname="testPackage.DrooniTest" name="proceedToCheckout" time="9.437"/>
  <testcase classname="testPackage.DrooniTest" name="placeOrder" time="7.329"/>
</testsuite> <!-- Test -->
