<?xml version="1.0" encoding="UTF-8"?>
<testng-results ignored="0" total="7" passed="7" failed="0" skipped="0">
  <reporter-output>
  </reporter-output>
  <suite started-at="2023-07-13T20:14:03 IST" name="Suite" finished-at="2023-07-13T20:16:26 IST" duration-ms="143135">
    <groups>
    </groups>
    <test started-at="2023-07-13T20:14:03 IST" name="Test" finished-at="2023-07-13T20:16:26 IST" duration-ms="143135">
      <class name="testPackage.DrooniTest">
        <test-method is-config="true" signature="setUp()[pri:0, instance:testPackage.DrooniTest@3c77d488]" started-at="2023-07-13T20:14:03 IST" name="setUp" finished-at="2023-07-13T20:14:57 IST" duration-ms="53456" status="PASS">
          <reporter-output>
          </reporter-output>
        </test-method> <!-- setUp -->
        <test-method signature="clickRegister()[pri:0, instance:testPackage.DrooniTest@3c77d488]" started-at="2023-07-13T20:14:57 IST" name="clickRegister" finished-at="2023-07-13T20:15:08 IST" duration-ms="10907" status="PASS">
          <reporter-output>
          </reporter-output>
        </test-method> <!-- clickRegister -->
        <test-method signature="registration()[pri:1, instance:testPackage.DrooniTest@3c77d488]" started-at="2023-07-13T20:15:08 IST" name="registration" finished-at="2023-07-13T20:15:50 IST" duration-ms="42002" status="PASS">
          <reporter-output>
          </reporter-output>
        </test-method> <!-- registration -->
        <test-method signature="clickMenuItem()[pri:2, instance:testPackage.DrooniTest@3c77d488]" started-at="2023-07-13T20:15:50 IST" name="clickMenuItem" finished-at="2023-07-13T20:15:55 IST" duration-ms="5266" status="PASS">
          <reporter-output>
          </reporter-output>
        </test-method> <!-- clickMenuItem -->
        <test-method signature="productSelection()[pri:3, instance:testPackage.DrooniTest@3c77d488]" started-at="2023-07-13T20:15:55 IST" name="productSelection" finished-at="2023-07-13T20:16:04 IST" duration-ms="8630" status="PASS">
          <reporter-output>
          </reporter-output>
        </test-method> <!-- productSelection -->
        <test-method signature="addToCart()[pri:4, instance:testPackage.DrooniTest@3c77d488]" started-at="2023-07-13T20:16:04 IST" name="addToCart" finished-at="2023-07-13T20:16:10 IST" duration-ms="5940" status="PASS">
          <reporter-output>
          </reporter-output>
        </test-method> <!-- addToCart -->
        <test-method signature="proceedToCheckout()[pri:5, instance:testPackage.DrooniTest@3c77d488]" started-at="2023-07-13T20:16:10 IST" name="proceedToCheckout" finished-at="2023-07-13T20:16:19 IST" duration-ms="9437" status="PASS">
          <reporter-output>
          </reporter-output>
        </test-method> <!-- proceedToCheckout -->
        <test-method signature="placeOrder()[pri:6, instance:testPackage.DrooniTest@3c77d488]" started-at="2023-07-13T20:16:19 IST" name="placeOrder" finished-at="2023-07-13T20:16:26 IST" duration-ms="7329" status="PASS">
          <reporter-output>
          </reporter-output>
        </test-method> <!-- placeOrder -->
        <test-method is-config="true" signature="tearDown()[pri:0, instance:testPackage.DrooniTest@3c77d488]" started-at="2023-07-13T20:16:26 IST" name="tearDown" finished-at="2023-07-13T20:16:26 IST" duration-ms="1" status="PASS">
          <reporter-output>
          </reporter-output>
        </test-method> <!-- tearDown -->
      </class> <!-- testPackage.DrooniTest -->
    </test> <!-- Test -->
  </suite> <!-- Suite -->
</testng-results>
